<?xml version="1.0" encoding="UTF-8"?>
<testng-results ignored="0" total="1" passed="1" failed="0" skipped="0">
  <reporter-output>
  </reporter-output>
  <suite started-at="2025-06-07T00:33:26 IST" name="Default suite" finished-at="2025-06-07T00:33:31 IST" duration-ms="5384">
    <groups>
    </groups>
    <test started-at="2025-06-07T00:33:26 IST" name="Default test" finished-at="2025-06-07T00:33:31 IST" duration-ms="5384">
      <class name="day16_jsonSchema.DemoJSONSchemaValidation">
        <test-method signature="testmethod()[pri:0, instance:day16_jsonSchema.DemoJSONSchemaValidation@4c371370]" started-at="2025-06-07T00:33:26 IST" name="testmethod" finished-at="2025-06-07T00:33:31 IST" duration-ms="5327" status="PASS">
          <reporter-output>
          </reporter-output>
        </test-method> <!-- testmethod -->
      </class> <!-- day16_jsonSchema.DemoJSONSchemaValidation -->
    </test> <!-- Default test -->
  </suite> <!-- Default suite -->
</testng-results>
